Adguard.app
Adobe Acrobat DC
Adobe Creative Cloud
Adobe Illustrator CC 2019
Adobe InDesign CC 2019
Adobe Lightroom Classic CC
Adobe Photoshop CC 2019
App Store.app
Automator.app
Books.app
Calculator.app
Calendar.app
Chess.app
Contacts.app
Dashboard.app
Dictionary.app
EndNote X8
FaceTime.app
Firefox.app
Font Book.app
Glyphs.app
Goofy.app
Google Chrome.app
HiPKILocalSignServer.app
Home.app
Image Capture.app
Karabiner-Elements.app
Karabiner-EventViewer.app
Keka.app
Keynote.app
Launchpad.app
Logi Options.app
MacMediaKeyForwarder.app
Magnet.app
Mail.app
Maps.app
Messages.app
Microsoft Word.app
Mission Control.app
News.app
Notes.app
Notion.app
Numbers.app
Pages.app
Photo Booth.app
Photos.app
Pocket.app
Preview.app
QuickTime Player.app
Reeder.app
Reminders.app
Safari.app
Siri.app
Slack.app
Stickies.app
Stocks.app
System Preferences.app
TeX
TextEdit.app
The Unarchiver.app
Time Machine.app
Typora.app
Utilities
VLC.app
VoiceMemos.app
Xcode.app
feedly.app
iTunes.app
